<?xml version="1.0" encoding="UTF-8"?>
<testng-results ignored="0" total="1" passed="1" failed="0" skipped="0">
  <reporter-output>
  </reporter-output>
  <suite started-at="2024-02-01T12:54:17 IST" name="Default suite" finished-at="2024-02-01T12:54:46 IST" duration-ms="28999">
    <groups>
    </groups>
    <test started-at="2024-02-01T12:54:17 IST" name="Default test" finished-at="2024-02-01T12:54:46 IST" duration-ms="28999">
      <class name="Clouds.Sr">
        <test-method is-config="true" signature="launch()[pri:0, instance:Clouds.Sr@74e52ef6]" started-at="2024-02-01T12:54:17 IST" name="launch" finished-at="2024-02-01T12:54:43 IST" duration-ms="25127" status="PASS">
          <reporter-output>
          </reporter-output>
        </test-method> <!-- launch -->
        <test-method signature="signup(java.lang.String,java.lang.String,java.lang.String,java.lang.String,java.lang.String,java.lang.String,java.lang.String)[pri:0, instance:Clouds.Sr@74e52ef6]" started-at="2024-02-01T12:54:43 IST" name="signup" data-provider="Data" finished-at="2024-02-01T12:54:46 IST" duration-ms="3805" status="PASS">
          <params>
            <param index="0">
              <value>
                <![CDATA[testuser]]>
              </value>
            </param>
            <param index="1">
              <value>
                <![CDATA[test_interviewclient]]>
              </value>
            </param>
            <param index="2">
              <value>
                <![CDATA[8989898989]]>
              </value>
            </param>
            <param index="3">
              <value>
                <![CDATA[user1@gmail.com]]>
              </value>
            </param>
            <param index="4">
              <value>
                <![CDATA[user1]]>
              </value>
            </param>
            <param index="5">
              <value>
                <![CDATA[tester]]>
              </value>
            </param>
            <param index="6">
              <value>
                <![CDATA[123456]]>
              </value>
            </param>
          </params>
          <reporter-output>
          </reporter-output>
        </test-method> <!-- signup -->
        <test-method is-config="true" signature="close()[pri:0, instance:Clouds.Sr@74e52ef6]" started-at="2024-02-01T12:54:46 IST" name="close" finished-at="2024-02-01T12:54:46 IST" duration-ms="0" status="PASS">
          <reporter-output>
          </reporter-output>
        </test-method> <!-- close -->
      </class> <!-- Clouds.Sr -->
    </test> <!-- Default test -->
  </suite> <!-- Default suite -->
</testng-results>
